# JRE version: OpenJDK Runtime Environment (22.0.1+8) (build 22.0.1+8-16)
# Java VM: OpenJDK 64-Bit Server VM (22.0.1+8-16, mixed mode, emulated-client, sharing, tiered, compressed oops, compressed class ptrs, g1 gc, windows-amd64)
GC Precious Log:
 CardTable entry size: 512
 Card Set container configuration: InlinePtr #cards 5 size 8 Array Of Cards #cards 12 size 40 Howl #buckets 4 coarsen threshold 1843 Howl Bitmap #cards 512 size 80 coarsen threshold 460 Card regions per heap region 1 cards per card region 2048
 CPUs: 4 total, 4 available
 Memory: 3459M
 Large Page Support: Disabled
 NUMA Support: Disabled
 Compressed Oops: Enabled (32-bit)
 Heap Region Size: 1M
 Heap Min Capacity: 8M
 Heap Initial Capacity: 56M
 Heap Max Capacity: 866M
 Pre-touch: Disabled
 Parallel Workers: 4
 Concurrent Workers: 1
 Concurrent Refinement Workers: 4
 Periodic GC: Disabled
Heap:
 garbage-first heap   total reserved 886784K, committed 61440K, used 44935K [0x00000000c9e00000, 0x0000000100000000)
  region size 1024K, 18 young (18432K), 2 survivors (2048K)
 Metaspace       used 48337K, committed 48960K, reserved 1114112K
  class space    used 6763K, committed 7040K, reserved 1048576K
GC Heap History (20 events):
Event: 13.354 GC heap before
{Heap before GC invocations=6 (full 0):
 garbage-first heap   total reserved 886784K, committed 51200K, used 39472K [0x00000000c9e00000, 0x0000000100000000)
  region size 1024K, 30 young (30720K), 4 survivors (4096K)
 Metaspace       used 23095K, committed 23552K, reserved 1114112K
  class space    used 3146K, committed 3328K, reserved 1048576K
}
Event: 13.367 GC heap after
{Heap after GC invocations=7 (full 0):
 garbage-first heap   total reserved 886784K, committed 51200K, used 17001K [0x00000000c9e00000, 0x0000000100000000)
  region size 1024K, 4 young (4096K), 4 survivors (4096K)
 Metaspace       used 23095K, committed 23552K, reserved 1114112K
  class space    used 3146K, committed 3328K, reserved 1048576K
}
Event: 14.067 GC heap before
{Heap before GC invocations=7 (full 0):
 garbage-first heap   total reserved 886784K, committed 51200K, used 39529K [0x00000000c9e00000, 0x0000000100000000)
  region size 1024K, 26 young (26624K), 4 survivors (4096K)
 Metaspace       used 24974K, committed 25408K, reserved 1114112K
  class space    used 3418K, committed 3584K, reserved 1048576K
}
Event: 14.084 GC heap after
{Heap after GC invocations=8 (full 0):
 garbage-first heap   total reserved 886784K, committed 51200K, used 17912K [0x00000000c9e00000, 0x0000000100000000)
  region size 1024K, 2 young (2048K), 2 survivors (2048K)
 Metaspace       used 24974K, committed 25408K, reserved 1114112K
  class space    used 3418K, committed 3584K, reserved 1048576K
}
Event: 15.103 GC heap before
{Heap before GC invocations=8 (full 0):
 garbage-first heap   total reserved 886784K, committed 51200K, used 41464K [0x00000000c9e00000, 0x0000000100000000)
  region size 1024K, 25 young (25600K), 2 survivors (2048K)
 Metaspace       used 27165K, committed 27584K, reserved 1114112K
  class space    used 3792K, committed 3968K, reserved 1048576K
}
Event: 15.113 GC heap after
{Heap after GC invocations=9 (full 0):
 garbage-first heap   total reserved 886784K, committed 51200K, used 19867K [0x00000000c9e00000, 0x0000000100000000)
  region size 1024K, 4 young (4096K), 4 survivors (4096K)
 Metaspace       used 27165K, committed 27584K, reserved 1114112K
  class space    used 3792K, committed 3968K, reserved 1048576K
}
Event: 16.153 GC heap before
{Heap before GC invocations=9 (full 0):
 garbage-first heap   total reserved 886784K, committed 51200K, used 42395K [0x00000000c9e00000, 0x0000000100000000)
  region size 1024K, 26 young (26624K), 4 survivors (4096K)
 Metaspace       used 31320K, committed 31808K, reserved 1114112K
  class space    used 4359K, committed 4608K, reserved 1048576K
}
Event: 16.171 GC heap after
{Heap after GC invocations=10 (full 0):
 garbage-first heap   total reserved 886784K, committed 51200K, used 21429K [0x00000000c9e00000, 0x0000000100000000)
  region size 1024K, 4 young (4096K), 4 survivors (4096K)
 Metaspace       used 31320K, committed 31808K, reserved 1114112K
  class space    used 4359K, committed 4608K, reserved 1048576K
}
Event: 17.199 GC heap before
{Heap before GC invocations=10 (full 0):
 garbage-first heap   total reserved 886784K, committed 51200K, used 41909K [0x00000000c9e00000, 0x0000000100000000)
  region size 1024K, 25 young (25600K), 4 survivors (4096K)
 Metaspace       used 32942K, committed 33536K, reserved 1114112K
  class space    used 4650K, committed 4928K, reserved 1048576K
}
Event: 17.221 GC heap after
{Heap after GC invocations=11 (full 0):
 garbage-first heap   total reserved 886784K, committed 61440K, used 23075K [0x00000000c9e00000, 0x0000000100000000)
  region size 1024K, 4 young (4096K), 4 survivors (4096K)
 Metaspace       used 32942K, committed 33536K, reserved 1114112K
  class space    used 4650K, committed 4928K, reserved 1048576K
}
Event: 18.303 GC heap before
{Heap before GC invocations=11 (full 0):
 garbage-first heap   total reserved 886784K, committed 61440K, used 52771K [0x00000000c9e00000, 0x0000000100000000)
  region size 1024K, 33 young (33792K), 4 survivors (4096K)
 Metaspace       used 35156K, committed 35776K, reserved 1114112K
  class space    used 4923K, committed 5184K, reserved 1048576K
}
Event: 18.325 GC heap after
{Heap after GC invocations=12 (full 0):
 garbage-first heap   total reserved 886784K, committed 61440K, used 24225K [0x00000000c9e00000, 0x0000000100000000)
  region size 1024K, 3 young (3072K), 3 survivors (3072K)
 Metaspace       used 35156K, committed 35776K, reserved 1114112K
  class space    used 4923K, committed 5184K, reserved 1048576K
}
Event: 18.613 GC heap before
{Heap before GC invocations=12 (full 0):
 garbage-first heap   total reserved 886784K, committed 61440K, used 32417K [0x00000000c9e00000, 0x0000000100000000)
  region size 1024K, 12 young (12288K), 3 survivors (3072K)
 Metaspace       used 35401K, committed 35968K, reserved 1114112K
  class space    used 4980K, committed 5248K, reserved 1048576K
}
Event: 18.624 GC heap after
{Heap after GC invocations=13 (full 0):
 garbage-first heap   total reserved 886784K, committed 61440K, used 24560K [0x00000000c9e00000, 0x0000000100000000)
  region size 1024K, 2 young (2048K), 2 survivors (2048K)
 Metaspace       used 35401K, committed 35968K, reserved 1114112K
  class space    used 4980K, committed 5248K, reserved 1048576K
}
Event: 20.195 GC heap before
{Heap before GC invocations=14 (full 0):
 garbage-first heap   total reserved 886784K, committed 61440K, used 55280K [0x00000000c9e00000, 0x0000000100000000)
  region size 1024K, 32 young (32768K), 2 survivors (2048K)
 Metaspace       used 39505K, committed 40128K, reserved 1114112K
  class space    used 5512K, committed 5760K, reserved 1048576K
}
Event: 20.208 GC heap after
{Heap after GC invocations=15 (full 0):
 garbage-first heap   total reserved 886784K, committed 61440K, used 26192K [0x00000000c9e00000, 0x0000000100000000)
  region size 1024K, 4 young (4096K), 4 survivors (4096K)
 Metaspace       used 39505K, committed 40128K, reserved 1114112K
  class space    used 5512K, committed 5760K, reserved 1048576K
}
Event: 21.180 GC heap before
{Heap before GC invocations=15 (full 0):
 garbage-first heap   total reserved 886784K, committed 61440K, used 53840K [0x00000000c9e00000, 0x0000000100000000)
  region size 1024K, 31 young (31744K), 4 survivors (4096K)
 Metaspace       used 42528K, committed 43136K, reserved 1114112K
  class space    used 5944K, committed 6208K, reserved 1048576K
}
Event: 21.205 GC heap after
{Heap after GC invocations=16 (full 0):
 garbage-first heap   total reserved 886784K, committed 61440K, used 27917K [0x00000000c9e00000, 0x0000000100000000)
  region size 1024K, 4 young (4096K), 4 survivors (4096K)
 Metaspace       used 42528K, committed 43136K, reserved 1114112K
  class space    used 5944K, committed 6208K, reserved 1048576K
}
Event: 22.552 GC heap before
{Heap before GC invocations=16 (full 0):
 garbage-first heap   total reserved 886784K, committed 61440K, used 53517K [0x00000000c9e00000, 0x0000000100000000)
  region size 1024K, 29 young (29696K), 4 survivors (4096K)
 Metaspace       used 44618K, committed 45248K, reserved 1114112K
  class space    used 6234K, committed 6528K, reserved 1048576K
}
Event: 22.571 GC heap after
{Heap after GC invocations=17 (full 0):
 garbage-first heap   total reserved 886784K, committed 61440K, used 29575K [0x00000000c9e00000, 0x0000000100000000)
  region size 1024K, 2 young (2048K), 2 survivors (2048K)
 Metaspace       used 44618K, committed 45248K, reserved 1114112K
  class space    used 6234K, committed 6528K, reserved 1048576K
}

