# JRE version: OpenJDK Runtime Environment (22.0.1+8) (build 22.0.1+8-16)
# Java VM: OpenJDK 64-Bit Server VM (22.0.1+8-16, mixed mode, emulated-client, sharing, tiered, compressed oops, compressed class ptrs, g1 gc, windows-amd64)
GC Precious Log:
 CardTable entry size: 512
 Card Set container configuration: InlinePtr #cards 5 size 8 Array Of Cards #cards 12 size 40 Howl #buckets 4 coarsen threshold 1843 Howl Bitmap #cards 512 size 80 coarsen threshold 460 Card regions per heap region 1 cards per card region 2048
 CPUs: 4 total, 4 available
 Memory: 3459M
 Large Page Support: Disabled
 NUMA Support: Disabled
 Compressed Oops: Enabled (32-bit)
 Heap Region Size: 1M
 Heap Min Capacity: 8M
 Heap Initial Capacity: 56M
 Heap Max Capacity: 866M
 Pre-touch: Disabled
 Parallel Workers: 4
 Concurrent Workers: 1
 Concurrent Refinement Workers: 4
 Periodic GC: Disabled
Heap:
 garbage-first heap   total reserved 886784K, committed 73728K, used 42879K [0x00000000c9e00000, 0x0000000100000000)
  region size 1024K, 4 young (4096K), 4 survivors (4096K)
 Metaspace       used 76443K, committed 77184K, reserved 1179648K
  class space    used 11382K, committed 11712K, reserved 1048576K
GC Heap History (20 events):
Event: 25.058 GC heap after
{Heap after GC invocations=18 (full 0):
 garbage-first heap   total reserved 886784K, committed 73728K, used 31217K [0x00000000c9e00000, 0x0000000100000000)
  region size 1024K, 3 young (3072K), 3 survivors (3072K)
 Metaspace       used 49827K, committed 50432K, reserved 1114112K
  class space    used 7037K, committed 7296K, reserved 1048576K
}
Event: 27.046 GC heap before
{Heap before GC invocations=19 (full 0):
 garbage-first heap   total reserved 886784K, committed 73728K, used 63985K [0x00000000c9e00000, 0x0000000100000000)
  region size 1024K, 36 young (36864K), 3 survivors (3072K)
 Metaspace       used 57365K, committed 57984K, reserved 1114112K
  class space    used 8139K, committed 8384K, reserved 1048576K
}
Event: 27.064 GC heap after
{Heap after GC invocations=20 (full 0):
 garbage-first heap   total reserved 886784K, committed 73728K, used 32880K [0x00000000c9e00000, 0x0000000100000000)
  region size 1024K, 5 young (5120K), 5 survivors (5120K)
 Metaspace       used 57365K, committed 57984K, reserved 1114112K
  class space    used 8139K, committed 8384K, reserved 1048576K
}
Event: 29.330 GC heap before
{Heap before GC invocations=20 (full 0):
 garbage-first heap   total reserved 886784K, committed 73728K, used 61552K [0x00000000c9e00000, 0x0000000100000000)
  region size 1024K, 34 young (34816K), 5 survivors (5120K)
 Metaspace       used 63976K, committed 64640K, reserved 1114112K
  class space    used 9277K, committed 9536K, reserved 1048576K
}
Event: 29.356 GC heap after
{Heap after GC invocations=21 (full 0):
 garbage-first heap   total reserved 886784K, committed 73728K, used 33389K [0x00000000c9e00000, 0x0000000100000000)
  region size 1024K, 3 young (3072K), 3 survivors (3072K)
 Metaspace       used 63976K, committed 64640K, reserved 1114112K
  class space    used 9277K, committed 9536K, reserved 1048576K
}
Event: 30.451 GC heap before
{Heap before GC invocations=21 (full 0):
 garbage-first heap   total reserved 886784K, committed 73728K, used 65133K [0x00000000c9e00000, 0x0000000100000000)
  region size 1024K, 34 young (34816K), 3 survivors (3072K)
 Metaspace       used 66794K, committed 67520K, reserved 1114112K
  class space    used 9695K, committed 10048K, reserved 1048576K
}
Event: 30.468 GC heap after
{Heap after GC invocations=22 (full 0):
 garbage-first heap   total reserved 886784K, committed 73728K, used 34716K [0x00000000c9e00000, 0x0000000100000000)
  region size 1024K, 4 young (4096K), 4 survivors (4096K)
 Metaspace       used 66794K, committed 67520K, reserved 1114112K
  class space    used 9695K, committed 10048K, reserved 1048576K
}
Event: 31.785 GC heap before
{Heap before GC invocations=22 (full 0):
 garbage-first heap   total reserved 886784K, committed 73728K, used 64412K [0x00000000c9e00000, 0x0000000100000000)
  region size 1024K, 33 young (33792K), 4 survivors (4096K)
 Metaspace       used 70189K, committed 70976K, reserved 1114112K
  class space    used 10194K, committed 10560K, reserved 1048576K
}
Event: 31.807 GC heap after
{Heap after GC invocations=23 (full 0):
 garbage-first heap   total reserved 886784K, committed 73728K, used 36290K [0x00000000c9e00000, 0x0000000100000000)
  region size 1024K, 4 young (4096K), 4 survivors (4096K)
 Metaspace       used 70189K, committed 70976K, reserved 1114112K
  class space    used 10194K, committed 10560K, reserved 1048576K
}
Event: 33.197 GC heap before
{Heap before GC invocations=24 (full 0):
 garbage-first heap   total reserved 886784K, committed 73728K, used 63938K [0x00000000c9e00000, 0x0000000100000000)
  region size 1024K, 31 young (31744K), 4 survivors (4096K)
 Metaspace       used 71802K, committed 72640K, reserved 1114112K
  class space    used 10581K, committed 10944K, reserved 1048576K
}
Event: 33.208 GC heap after
{Heap after GC invocations=25 (full 0):
 garbage-first heap   total reserved 886784K, committed 73728K, used 38063K [0x00000000c9e00000, 0x0000000100000000)
  region size 1024K, 4 young (4096K), 4 survivors (4096K)
 Metaspace       used 71802K, committed 72640K, reserved 1114112K
  class space    used 10581K, committed 10944K, reserved 1048576K
}
Event: 33.826 GC heap before
{Heap before GC invocations=25 (full 0):
 garbage-first heap   total reserved 886784K, committed 73728K, used 63663K [0x00000000c9e00000, 0x0000000100000000)
  region size 1024K, 29 young (29696K), 4 survivors (4096K)
 Metaspace       used 74745K, committed 75520K, reserved 1114112K
  class space    used 11117K, committed 11456K, reserved 1048576K
}
Event: 33.839 GC heap after
{Heap after GC invocations=26 (full 0):
 garbage-first heap   total reserved 886784K, committed 73728K, used 39756K [0x00000000c9e00000, 0x0000000100000000)
  region size 1024K, 4 young (4096K), 4 survivors (4096K)
 Metaspace       used 74745K, committed 75520K, reserved 1114112K
  class space    used 11117K, committed 11456K, reserved 1048576K
}
Event: 34.115 GC heap before
{Heap before GC invocations=26 (full 0):
 garbage-first heap   total reserved 886784K, committed 73728K, used 64332K [0x00000000c9e00000, 0x0000000100000000)
  region size 1024K, 28 young (28672K), 4 survivors (4096K)
 Metaspace       used 74944K, committed 75712K, reserved 1114112K
  class space    used 11150K, committed 11456K, reserved 1048576K
}
Event: 34.129 GC heap after
{Heap after GC invocations=27 (full 0):
 garbage-first heap   total reserved 886784K, committed 73728K, used 40544K [0x00000000c9e00000, 0x0000000100000000)
  region size 1024K, 3 young (3072K), 3 survivors (3072K)
 Metaspace       used 74944K, committed 75712K, reserved 1114112K
  class space    used 11150K, committed 11456K, reserved 1048576K
}
Event: 34.760 GC heap before
{Heap before GC invocations=28 (full 0):
 garbage-first heap   total reserved 886784K, committed 73728K, used 63072K [0x00000000c9e00000, 0x0000000100000000)
  region size 1024K, 26 young (26624K), 3 survivors (3072K)
 Metaspace       used 75331K, committed 76032K, reserved 1114112K
  class space    used 11218K, committed 11520K, reserved 1048576K
}
Event: 34.770 GC heap after
{Heap after GC invocations=29 (full 0):
 garbage-first heap   total reserved 886784K, committed 73728K, used 41168K [0x00000000c9e00000, 0x0000000100000000)
  region size 1024K, 2 young (2048K), 2 survivors (2048K)
 Metaspace       used 75331K, committed 76032K, reserved 1114112K
  class space    used 11218K, committed 11520K, reserved 1048576K
}
Event: 35.429 GC heap before
{Heap before GC invocations=29 (full 0):
 garbage-first heap   total reserved 886784K, committed 73728K, used 65744K [0x00000000c9e00000, 0x0000000100000000)
  region size 1024K, 26 young (26624K), 2 survivors (2048K)
 Metaspace       used 75528K, committed 76288K, reserved 1114112K
  class space    used 11237K, committed 11584K, reserved 1048576K
}
Event: 35.439 GC heap after
{Heap after GC invocations=30 (full 0):
 garbage-first heap   total reserved 886784K, committed 73728K, used 41811K [0x00000000c9e00000, 0x0000000100000000)
  region size 1024K, 3 young (3072K), 3 survivors (3072K)
 Metaspace       used 75528K, committed 76288K, reserved 1114112K
  class space    used 11237K, committed 11584K, reserved 1048576K
}
Event: 36.108 GC heap before
{Heap before GC invocations=30 (full 0):
 garbage-first heap   total reserved 886784K, committed 73728K, used 64339K [0x00000000c9e00000, 0x0000000100000000)
  region size 1024K, 25 young (25600K), 3 survivors (3072K)
 Metaspace       used 76443K, committed 77184K, reserved 1179648K
  class space    used 11382K, committed 11712K, reserved 1048576K
}

