# JRE version: OpenJDK Runtime Environment (22.0.1+8) (build 22.0.1+8-16)
# Java VM: OpenJDK 64-Bit Server VM (22.0.1+8-16, mixed mode, emulated-client, sharing, tiered, compressed oops, compressed class ptrs, g1 gc, windows-amd64)
GC Precious Log:
 CardTable entry size: 512
 Card Set container configuration: InlinePtr #cards 5 size 8 Array Of Cards #cards 12 size 40 Howl #buckets 4 coarsen threshold 1843 Howl Bitmap #cards 512 size 80 coarsen threshold 460 Card regions per heap region 1 cards per card region 2048
 CPUs: 4 total, 4 available
 Memory: 3459M
 Large Page Support: Disabled
 NUMA Support: Disabled
 Compressed Oops: Enabled (32-bit)
 Heap Region Size: 1M
 Heap Min Capacity: 8M
 Heap Initial Capacity: 56M
 Heap Max Capacity: 866M
 Pre-touch: Disabled
 Parallel Workers: 4
 Concurrent Workers: 1
 Concurrent Refinement Workers: 4
 Periodic GC: Disabled
Heap:
 garbage-first heap   total reserved 886784K, committed 73728K, used 34444K [0x00000000c9e00000, 0x0000000100000000)
  region size 1024K, 5 young (5120K), 4 survivors (4096K)
 Metaspace       used 65824K, committed 66560K, reserved 1114112K
  class space    used 9602K, committed 9920K, reserved 1048576K
GC Heap History (20 events):
Event: 16.025 GC heap before
{Heap before GC invocations=8 (full 0):
 garbage-first heap   total reserved 886784K, committed 51200K, used 41959K [0x00000000c9e00000, 0x0000000100000000)
  region size 1024K, 25 young (25600K), 2 survivors (2048K)
 Metaspace       used 27190K, committed 27584K, reserved 1114112K
  class space    used 3798K, committed 3968K, reserved 1048576K
}
Event: 16.038 GC heap after
{Heap after GC invocations=9 (full 0):
 garbage-first heap   total reserved 886784K, committed 61440K, used 20081K [0x00000000c9e00000, 0x0000000100000000)
  region size 1024K, 4 young (4096K), 4 survivors (4096K)
 Metaspace       used 27190K, committed 27584K, reserved 1114112K
  class space    used 3798K, committed 3968K, reserved 1048576K
}
Event: 17.426 GC heap before
{Heap before GC invocations=9 (full 0):
 garbage-first heap   total reserved 886784K, committed 61440K, used 51825K [0x00000000c9e00000, 0x0000000100000000)
  region size 1024K, 35 young (35840K), 4 survivors (4096K)
 Metaspace       used 32462K, committed 33024K, reserved 1114112K
  class space    used 4533K, committed 4800K, reserved 1048576K
}
Event: 17.445 GC heap after
{Heap after GC invocations=10 (full 0):
 garbage-first heap   total reserved 886784K, committed 61440K, used 22707K [0x00000000c9e00000, 0x0000000100000000)
  region size 1024K, 5 young (5120K), 5 survivors (5120K)
 Metaspace       used 32462K, committed 33024K, reserved 1114112K
  class space    used 4533K, committed 4800K, reserved 1048576K
}
Event: 18.566 GC heap before
{Heap before GC invocations=10 (full 0):
 garbage-first heap   total reserved 886784K, committed 61440K, used 52403K [0x00000000c9e00000, 0x0000000100000000)
  region size 1024K, 34 young (34816K), 5 survivors (5120K)
 Metaspace       used 34606K, committed 35200K, reserved 1114112K
  class space    used 4835K, committed 5056K, reserved 1048576K
}
Event: 18.588 GC heap after
{Heap after GC invocations=11 (full 0):
 garbage-first heap   total reserved 886784K, committed 61440K, used 24090K [0x00000000c9e00000, 0x0000000100000000)
  region size 1024K, 2 young (2048K), 2 survivors (2048K)
 Metaspace       used 34606K, committed 35200K, reserved 1114112K
  class space    used 4835K, committed 5056K, reserved 1048576K
}
Event: 19.151 GC heap before
{Heap before GC invocations=11 (full 0):
 garbage-first heap   total reserved 886784K, committed 61440K, used 44570K [0x00000000c9e00000, 0x0000000100000000)
  region size 1024K, 23 young (23552K), 2 survivors (2048K)
 Metaspace       used 35410K, committed 35968K, reserved 1114112K
  class space    used 4982K, committed 5248K, reserved 1048576K
}
Event: 19.165 GC heap after
{Heap after GC invocations=12 (full 0):
 garbage-first heap   total reserved 886784K, committed 61440K, used 24776K [0x00000000c9e00000, 0x0000000100000000)
  region size 1024K, 3 young (3072K), 3 survivors (3072K)
 Metaspace       used 35410K, committed 35968K, reserved 1114112K
  class space    used 4982K, committed 5248K, reserved 1048576K
}
Event: 20.526 GC heap before
{Heap before GC invocations=13 (full 0):
 garbage-first heap   total reserved 886784K, committed 61440K, used 54472K [0x00000000c9e00000, 0x0000000100000000)
  region size 1024K, 32 young (32768K), 3 survivors (3072K)
 Metaspace       used 39275K, committed 39872K, reserved 1114112K
  class space    used 5477K, committed 5696K, reserved 1048576K
}
Event: 20.543 GC heap after
{Heap after GC invocations=14 (full 0):
 garbage-first heap   total reserved 886784K, committed 61440K, used 26306K [0x00000000c9e00000, 0x0000000100000000)
  region size 1024K, 3 young (3072K), 3 survivors (3072K)
 Metaspace       used 39275K, committed 39872K, reserved 1114112K
  class space    used 5477K, committed 5696K, reserved 1048576K
}
Event: 22.076 GC heap before
{Heap before GC invocations=14 (full 0):
 garbage-first heap   total reserved 886784K, committed 61440K, used 53954K [0x00000000c9e00000, 0x0000000100000000)
  region size 1024K, 30 young (30720K), 3 survivors (3072K)
 Metaspace       used 42253K, committed 42816K, reserved 1114112K
  class space    used 5893K, committed 6144K, reserved 1048576K
}
Event: 22.103 GC heap after
{Heap after GC invocations=15 (full 0):
 garbage-first heap   total reserved 886784K, committed 73728K, used 28634K [0x00000000c9e00000, 0x0000000100000000)
  region size 1024K, 4 young (4096K), 4 survivors (4096K)
 Metaspace       used 42253K, committed 42816K, reserved 1114112K
  class space    used 5893K, committed 6144K, reserved 1048576K
}
Event: 25.681 GC heap before
{Heap before GC invocations=15 (full 0):
 garbage-first heap   total reserved 886784K, committed 73728K, used 64474K [0x00000000c9e00000, 0x0000000100000000)
  region size 1024K, 39 young (39936K), 4 survivors (4096K)
 Metaspace       used 46611K, committed 47232K, reserved 1114112K
  class space    used 6492K, committed 6784K, reserved 1048576K
}
Event: 25.716 GC heap after
{Heap after GC invocations=16 (full 0):
 garbage-first heap   total reserved 886784K, committed 73728K, used 30523K [0x00000000c9e00000, 0x0000000100000000)
  region size 1024K, 5 young (5120K), 5 survivors (5120K)
 Metaspace       used 46611K, committed 47232K, reserved 1114112K
  class space    used 6492K, committed 6784K, reserved 1048576K
}
Event: 27.734 GC heap before
{Heap before GC invocations=16 (full 0):
 garbage-first heap   total reserved 886784K, committed 73728K, used 62267K [0x00000000c9e00000, 0x0000000100000000)
  region size 1024K, 36 young (36864K), 5 survivors (5120K)
 Metaspace       used 54109K, committed 54784K, reserved 1114112K
  class space    used 7698K, committed 8000K, reserved 1048576K
}
Event: 27.753 GC heap after
{Heap after GC invocations=17 (full 0):
 garbage-first heap   total reserved 886784K, committed 73728K, used 32148K [0x00000000c9e00000, 0x0000000100000000)
  region size 1024K, 4 young (4096K), 4 survivors (4096K)
 Metaspace       used 54109K, committed 54784K, reserved 1114112K
  class space    used 7698K, committed 8000K, reserved 1048576K
}
Event: 28.977 GC heap before
{Heap before GC invocations=17 (full 0):
 garbage-first heap   total reserved 886784K, committed 73728K, used 52628K [0x00000000c9e00000, 0x0000000100000000)
  region size 1024K, 26 young (26624K), 4 survivors (4096K)
 Metaspace       used 59428K, committed 60096K, reserved 1114112K
  class space    used 8537K, committed 8832K, reserved 1048576K
}
Event: 28.993 GC heap after
{Heap after GC invocations=18 (full 0):
 garbage-first heap   total reserved 886784K, committed 73728K, used 33070K [0x00000000c9e00000, 0x0000000100000000)
  region size 1024K, 3 young (3072K), 3 survivors (3072K)
 Metaspace       used 59428K, committed 60096K, reserved 1114112K
  class space    used 8537K, committed 8832K, reserved 1048576K
}
Event: 30.799 GC heap before
{Heap before GC invocations=19 (full 0):
 garbage-first heap   total reserved 886784K, committed 73728K, used 64814K [0x00000000c9e00000, 0x0000000100000000)
  region size 1024K, 34 young (34816K), 3 survivors (3072K)
 Metaspace       used 65660K, committed 66432K, reserved 1114112K
  class space    used 9579K, committed 9920K, reserved 1048576K
}
Event: 30.810 GC heap after
{Heap after GC invocations=20 (full 0):
 garbage-first heap   total reserved 886784K, committed 73728K, used 34444K [0x00000000c9e00000, 0x0000000100000000)
  region size 1024K, 4 young (4096K), 4 survivors (4096K)
 Metaspace       used 65660K, committed 66432K, reserved 1114112K
  class space    used 9579K, committed 9920K, reserved 1048576K
}

